<?xml version="1.0" encoding="UTF-8"?>
<!-- Generated by org.testng.reporters.JUnitXMLReporter -->
<testsuite ignored="0" hostname="TGU1DELL0096" failures="2" tests="2" name="GO Daddy SIte" time="3.977" errors="0" timestamp="2021-08-31T23:29:49 IST">
  <testcase classname="TestCases.TS_GoDaddy" name="testCase1" time="0.356">
    <failure type="java.lang.AssertionError" message="expected [false] but found [true]">
      <![CDATA[java.lang.AssertionError: expected [false] but found [true]
at TestCases.TS_GoDaddy.testCase1(TS_GoDaddy.java:25)
at java.base/java.util.ArrayList.forEach(ArrayList.java:1511)
... Removed 33 stack frames]]>
    </failure>
  </testcase> <!-- testCase1 -->
  <testcase classname="TestCases.TS_GoDaddy" name="testCase1" time="0.383">
    <failure type="java.lang.NullPointerException" message="Cannot invoke &amp;quot;org.openqa.selenium.TakesScreenshot.getScreenshotAs(org.openqa.selenium.OutputType)&amp;quot; because the return value of &amp;quot;com.Demo.PublicLibrary.PublicLibrary.getDriver()&amp;quot; is null">
      <![CDATA[java.lang.NullPointerException: Cannot invoke "org.openqa.selenium.TakesScreenshot.getScreenshotAs(org.openqa.selenium.OutputType)" because the return value of "com.Demo.PublicLibrary.PublicLibrary.getDriver()" is null
at com.Demo.PublicLibrary.PublicLibrary.failed(PublicLibrary.java:598)
at com.Demo.Listners.CustomListner.onTestFailure(CustomListner.java:15)
at java.base/java.util.ArrayList.forEach(ArrayList.java:1511)
... Removed 24 stack frames]]>
    </failure>
  </testcase> <!-- testCase1 -->
</testsuite> <!-- GO Daddy SIte -->
