<?xml version="1.0" encoding="UTF-8"?>
<!-- Generated by org.testng.reporters.JUnitXMLReporter -->
<testsuite ignored="0" hostname="TGU1DELL0096" failures="0" tests="3" name="Herokuapp" time="16.583" errors="0" timestamp="2021-08-31T23:19:16 IST">
  <testcase classname="TestCases.TS_Herokuapp_FileUplaodDownlaodAndFrames" name="testCase9" time="4.819"/>
  <testcase classname="TestCases.TS_Herokuapp_FileUplaodDownlaodAndFrames" name="herokuappNestedFrames" time="2.319"/>
  <testcase classname="TestCases.TS_Herokuapp_FileUplaodDownlaodAndFrames" name="iframes" time="3.68"/>
</testsuite> <!-- Herokuapp -->
