<?xml version="1.0" encoding="UTF-8"?>
<testng-results ignored="0" total="4" passed="4" failed="0" skipped="0">
  <reporter-output>
  </reporter-output>
  <suite started-at="2021-08-31T23:18:53 IST" name="Techigai Java Framework" finished-at="2021-08-31T23:19:16 IST" duration-ms="22965">
    <groups>
      <group name="GoDaddy">
        <method signature="TS_GoDaddy.testCase1()[pri:0, instance:TestCases.TS_GoDaddy@1500b2f3]" name="testCase1" class="TestCases.TS_GoDaddy"/>
      </group> <!-- GoDaddy -->
      <group name="FileUplaodDownlaodAndFrames">
        <method signature="TS_Herokuapp_FileUplaodDownlaodAndFrames.herokuappNestedFrames()[pri:0, instance:TestCases.TS_Herokuapp_FileUplaodDownlaodAndFrames@36804139]" name="herokuappNestedFrames" class="TestCases.TS_Herokuapp_FileUplaodDownlaodAndFrames"/>
        <method signature="TS_Herokuapp_FileUplaodDownlaodAndFrames.iframes()[pri:2, instance:TestCases.TS_Herokuapp_FileUplaodDownlaodAndFrames@36804139]" name="iframes" class="TestCases.TS_Herokuapp_FileUplaodDownlaodAndFrames"/>
        <method signature="TS_Herokuapp_FileUplaodDownlaodAndFrames.testCase9()[pri:-1, instance:TestCases.TS_Herokuapp_FileUplaodDownlaodAndFrames@36804139]" name="testCase9" class="TestCases.TS_Herokuapp_FileUplaodDownlaodAndFrames"/>
      </group> <!-- FileUplaodDownlaodAndFrames -->
    </groups>
    <test started-at="2021-08-31T23:18:53 IST" name="GO Daddy SIte" finished-at="2021-08-31T23:18:59 IST" duration-ms="6361">
      <class name="TestCases.TS_GoDaddy">
        <test-method is-config="true" signature="SetBrowserAndNavigateToUrl1(java.lang.String,java.lang.String)[pri:0, instance:TestCases.TS_GoDaddy@1500b2f3]" started-at="2021-08-31T23:18:53 IST" name="SetBrowserAndNavigateToUrl1" finished-at="2021-08-31T23:18:59 IST" duration-ms="5765" status="PASS">
          <params>
            <param index="0">
              <value>
                <![CDATA[chrome]]>
              </value>
            </param>
            <param index="1">
              <value>
                <![CDATA[https://www.godaddy.com/]]>
              </value>
            </param>
          </params>
          <reporter-output>
          </reporter-output>
        </test-method> <!-- SetBrowserAndNavigateToUrl1 -->
        <test-method signature="testCase1()[pri:0, instance:TestCases.TS_GoDaddy@1500b2f3]" started-at="2021-08-31T23:18:59 IST" name="testCase1" finished-at="2021-08-31T23:18:59 IST" duration-ms="321" status="PASS">
          <reporter-output>
          </reporter-output>
        </test-method> <!-- testCase1 -->
        <test-method is-config="true" signature="closeBrowser()[pri:0, instance:TestCases.TS_GoDaddy@1500b2f3]" started-at="2021-08-31T23:18:59 IST" name="closeBrowser" finished-at="2021-08-31T23:18:59 IST" duration-ms="236" status="PASS">
          <reporter-output>
          </reporter-output>
        </test-method> <!-- closeBrowser -->
      </class> <!-- TestCases.TS_GoDaddy -->
    </test> <!-- GO Daddy SIte -->
    <test started-at="2021-08-31T23:18:59 IST" name="Herokuapp" finished-at="2021-08-31T23:19:16 IST" duration-ms="16583">
      <class name="TestCases.TS_Herokuapp_FileUplaodDownlaodAndFrames">
        <test-method is-config="true" signature="SetBrowserAndNavigateToUrl1(java.lang.String,java.lang.String)[pri:0, instance:TestCases.TS_Herokuapp_FileUplaodDownlaodAndFrames@36804139]" started-at="2021-08-31T23:18:59 IST" name="SetBrowserAndNavigateToUrl1" finished-at="2021-08-31T23:19:05 IST" duration-ms="5606" status="PASS">
          <params>
            <param index="0">
              <value>
                <![CDATA[chrome]]>
              </value>
            </param>
            <param index="1">
              <value>
                <![CDATA[https://the-internet.herokuapp.com/]]>
              </value>
            </param>
          </params>
          <reporter-output>
          </reporter-output>
        </test-method> <!-- SetBrowserAndNavigateToUrl1 -->
        <test-method signature="testCase9()[pri:-1, instance:TestCases.TS_Herokuapp_FileUplaodDownlaodAndFrames@36804139]" started-at="2021-08-31T23:19:05 IST" name="testCase9" finished-at="2021-08-31T23:19:10 IST" duration-ms="4819" status="PASS">
          <reporter-output>
          </reporter-output>
        </test-method> <!-- testCase9 -->
        <test-method signature="herokuappNestedFrames()[pri:0, instance:TestCases.TS_Herokuapp_FileUplaodDownlaodAndFrames@36804139]" started-at="2021-08-31T23:19:10 IST" name="herokuappNestedFrames" finished-at="2021-08-31T23:19:12 IST" duration-ms="2319" status="PASS">
          <reporter-output>
          </reporter-output>
        </test-method> <!-- herokuappNestedFrames -->
        <test-method signature="iframes()[pri:2, instance:TestCases.TS_Herokuapp_FileUplaodDownlaodAndFrames@36804139]" started-at="2021-08-31T23:19:12 IST" name="iframes" finished-at="2021-08-31T23:19:16 IST" depends-on-methods="TestCases.TS_Herokuapp_FileUplaodDownlaodAndFrames.herokuappNestedFrames" duration-ms="3680" status="PASS">
          <reporter-output>
          </reporter-output>
        </test-method> <!-- iframes -->
        <test-method is-config="true" signature="closeBrowser()[pri:0, instance:TestCases.TS_Herokuapp_FileUplaodDownlaodAndFrames@36804139]" started-at="2021-08-31T23:19:16 IST" name="closeBrowser" finished-at="2021-08-31T23:19:16 IST" duration-ms="144" status="PASS">
          <reporter-output>
          </reporter-output>
        </test-method> <!-- closeBrowser -->
      </class> <!-- TestCases.TS_Herokuapp_FileUplaodDownlaodAndFrames -->
    </test> <!-- Herokuapp -->
  </suite> <!-- Techigai Java Framework -->
</testng-results>
